0 info it worked if it ends with ok
1 verbose cli [ 'node', '/usr/local/bin/npm', 'install' ]
2 info using npm@2.7.4
3 info using node@v0.12.2
4 verbose stack TypeError: Object.keys called on non-object
4 verbose stack     at Function.keys (native)
4 verbose stack     at scriptpath (/usr/local/lib/node_modules/npm/node_modules/read-package-json/read-json.js:133:32)
4 verbose stack     at /usr/local/lib/node_modules/npm/node_modules/read-package-json/read-json.js:121:33
4 verbose stack     at Array.forEach (native)
4 verbose stack     at extras (/usr/local/lib/node_modules/npm/node_modules/read-package-json/read-json.js:120:21)
4 verbose stack     at parseJson (/usr/local/lib/node_modules/npm/node_modules/read-package-json/read-json.js:88:17)
4 verbose stack     at /usr/local/lib/node_modules/npm/node_modules/read-package-json/read-json.js:60:33
4 verbose stack     at evalmachine.<anonymous>:334:14
4 verbose stack     at /usr/local/lib/node_modules/npm/node_modules/graceful-fs/graceful-fs.js:102:5
4 verbose stack     at FSReqWrap.oncomplete (evalmachine.<anonymous>:95:15)
5 verbose cwd /Users/mlg/Documents/Coding/wwt-geolocator
6 error Darwin 14.3.0
7 error argv "node" "/usr/local/bin/npm" "install"
8 error node v0.12.2
9 error npm  v2.7.4
10 error Object.keys called on non-object
11 error If you need help, you may report this error at:
11 error     <https://github.com/npm/npm/issues>
12 verbose exit [ 1, true ]
